<?xml version="1.0" encoding="UTF-8"?>
<testsuite name="mainTest.TestWithJavaFakerForDemoqa" tests="1" skipped="0" failures="0" errors="0" timestamp="2025-07-11T10:53:45" hostname="MININT-25OFD2E" time="10.581">
  <properties/>
  <testcase name="successfulTest()" classname="mainTest.TestWithJavaFakerForDemoqa" time="10.581"/>
  <system-out><![CDATA[]]></system-out>
  <system-err><![CDATA[]]></system-err>
</testsuite>
