<?xml version="1.0" encoding="UTF-8"?>
<testsuite name="allure.TestForDemoqaWithAllureAnnotatedSteps" tests="1" skipped="0" failures="0" errors="0" timestamp="2025-07-11T10:52:50" hostname="MININT-25OFD2E" time="21.136">
  <properties/>
  <testcase name="Заполнение анкеты и проверка на корректность данных" classname="allure.TestForDemoqaWithAllureAnnotatedSteps" time="21.136"/>
  <system-out><![CDATA[]]></system-out>
  <system-err><![CDATA[]]></system-err>
</testsuite>
