<?xml version="1.0" encoding="UTF-8"?>
<testsuite name="TestWIthPageObjectsForDemoqa" tests="1" skipped="0" failures="0" errors="0" timestamp="2025-05-19T12:46:48" hostname="MININT-25OFD2E" time="4.253">
  <properties/>
  <testcase name="successfulTest()" classname="TestWIthPageObjectsForDemoqa" time="4.253"/>
  <system-out><![CDATA[]]></system-out>
  <system-err><![CDATA[SLF4J(W): No SLF4J providers were found.
SLF4J(W): Defaulting to no-operation (NOP) logger implementation
SLF4J(W): See https://www.slf4j.org/codes.html#noProviders for further details.
мая 19, 2025 3:46:50 PM org.openqa.selenium.devtools.CdpVersionFinder findNearestMatch
WARNING: Unable to find an exact match for CDP version 136, returning the closest version; found: 135; Please update to a Selenium version that supports CDP version 136
]]></system-err>
</testsuite>
