<?xml version="1.0" encoding="UTF-8"?>
<testsuite name="mainTest.TestForDemoqa" tests="1" skipped="0" failures="0" errors="0" timestamp="2025-07-11T10:53:23" hostname="MININT-25OFD2E" time="11.994">
  <properties/>
  <testcase name="successfulTest()" classname="mainTest.TestForDemoqa" time="11.994"/>
  <system-out><![CDATA[]]></system-out>
  <system-err><![CDATA[]]></system-err>
</testsuite>
