<?xml version="1.0" encoding="UTF-8"?>
<testsuite name="TestForDemoqa" tests="1" skipped="0" failures="0" errors="0" timestamp="2025-04-30T11:54:04" hostname="MININT-25OFD2E" time="4.39">
  <properties/>
  <testcase name="successfulTest()" classname="TestForDemoqa" time="4.39"/>
  <system-out><![CDATA[]]></system-out>
  <system-err><![CDATA[SLF4J(W): No SLF4J providers were found.
SLF4J(W): Defaulting to no-operation (NOP) logger implementation
SLF4J(W): See https://www.slf4j.org/codes.html#noProviders for further details.
]]></system-err>
</testsuite>
