<?xml version="1.0" encoding="UTF-8"?>
<testsuite name="allure.TestForDemoqaWithAllureLambdaSteps" tests="1" skipped="0" failures="0" errors="0" timestamp="2025-07-10T07:26:14" hostname="MININT-25OFD2E" time="5.036">
  <properties/>
  <testcase name="successfulTest()" classname="allure.TestForDemoqaWithAllureLambdaSteps" time="5.036"/>
  <system-out><![CDATA[]]></system-out>
  <system-err><![CDATA[]]></system-err>
</testsuite>
